<?xml version="1.0" encoding="UTF-8"?>
<!-- Generated by org.testng.reporters.JUnitReportReporter -->
<testsuite hostname="DESKTOP-2U8CR23" failures="0" tests="1" name="piit.AutomationTrainingProgram.NewTest" time="0.448" errors="0" timestamp="2022-04-26T22:52:16 EDT" skipped="0">
  <testcase classname="piit.AutomationTrainingProgram.NewTest" name="f" time="0.448"/>
  <system-out/>
</testsuite> <!-- piit.AutomationTrainingProgram.NewTest -->
