<?xml version="1.0" encoding="UTF-8"?>
<!-- Generated by org.testng.reporters.JUnitReportReporter -->
<testsuite hostname="DESKTOP-2U8CR23" failures="0" tests="3" name="piit.AutomationTrainingProgram.Browsersd" time="21.390" errors="0" timestamp="2022-05-10T22:37:05 EDT" skipped="0">
  <testcase classname="piit.AutomationTrainingProgram.Browsersd" name="f" time="13.681"/>
  <system-out/>
  <testcase classname="piit.AutomationTrainingProgram.Browsersd" name="f" time="0.473"/>
  <system-out/>
  <testcase classname="piit.AutomationTrainingProgram.Browsersd" name="f" time="7.236"/>
  <system-out/>
</testsuite> <!-- piit.AutomationTrainingProgram.Browsersd -->
